0 info it worked if it ends with ok
1 verbose cli [ '/usr/local/bin/node',
1 verbose cli   '/usr/local/bin/npm',
1 verbose cli   'install',
1 verbose cli   'css-loader',
1 verbose cli   'common-loader' ]
2 info using npm@3.3.12
3 info using node@v5.4.1
4 silly loadCurrentTree Starting
5 silly install loadCurrentTree
6 silly install readLocalPackageData
7 silly fetchPackageMetaData css-loader
8 silly fetchPackageMetaData common-loader
9 silly fetchNamedPackageData css-loader
10 silly mapToRegistry name css-loader
11 silly mapToRegistry using default registry
12 silly mapToRegistry registry https://registry.npmjs.org/
13 silly mapToRegistry uri https://registry.npmjs.org/css-loader
14 silly fetchNamedPackageData common-loader
15 silly mapToRegistry name common-loader
16 silly mapToRegistry using default registry
17 silly mapToRegistry registry https://registry.npmjs.org/
18 silly mapToRegistry uri https://registry.npmjs.org/common-loader
19 verbose request uri https://registry.npmjs.org/common-loader
20 verbose request no auth needed
21 info attempt registry request try #1 at 11:19:15 AM
22 verbose request id 365de1aaf86ebd12
23 http request GET https://registry.npmjs.org/common-loader
24 verbose request uri https://registry.npmjs.org/css-loader
25 verbose request no auth needed
26 info attempt registry request try #1 at 11:19:15 AM
27 verbose etag "2013E32EKERJHY4L4M6Z1RBBB"
28 http request GET https://registry.npmjs.org/css-loader
29 http 304 https://registry.npmjs.org/css-loader
30 verbose headers { date: 'Wed, 23 Mar 2016 03:19:16 GMT',
30 verbose headers   via: '1.1 varnish',
30 verbose headers   'cache-control': 'max-age=300',
30 verbose headers   etag: '"2013E32EKERJHY4L4M6Z1RBBB"',
30 verbose headers   age: '200',
30 verbose headers   connection: 'keep-alive',
30 verbose headers   'x-served-by': 'cache-lcy1127-LCY',
30 verbose headers   'x-cache': 'HIT',
30 verbose headers   'x-cache-hits': '1',
30 verbose headers   'x-timer': 'S1458703156.465706,VS0,VE0',
30 verbose headers   vary: 'Accept' }
31 silly get cb [ 304,
31 silly get   { date: 'Wed, 23 Mar 2016 03:19:16 GMT',
31 silly get     via: '1.1 varnish',
31 silly get     'cache-control': 'max-age=300',
31 silly get     etag: '"2013E32EKERJHY4L4M6Z1RBBB"',
31 silly get     age: '200',
31 silly get     connection: 'keep-alive',
31 silly get     'x-served-by': 'cache-lcy1127-LCY',
31 silly get     'x-cache': 'HIT',
31 silly get     'x-cache-hits': '1',
31 silly get     'x-timer': 'S1458703156.465706,VS0,VE0',
31 silly get     vary: 'Accept' } ]
32 verbose etag https://registry.npmjs.org/css-loader from cache
33 verbose get saving css-loader to /home/liuying/.npm/registry.npmjs.org/css-loader/.cache.json
34 http 404 https://registry.npmjs.org/common-loader
35 verbose headers { 'content-type': 'application/json',
35 verbose headers   'cache-control': 'max-age=0',
35 verbose headers   'content-length': '2',
35 verbose headers   'accept-ranges': 'bytes',
35 verbose headers   date: 'Wed, 23 Mar 2016 03:19:16 GMT',
35 verbose headers   via: '1.1 varnish',
35 verbose headers   age: '0',
35 verbose headers   connection: 'keep-alive',
35 verbose headers   'x-served-by': 'cache-lcy1121-LCY',
35 verbose headers   'x-cache': 'MISS',
35 verbose headers   'x-cache-hits': '0',
35 verbose headers   'x-timer': 'S1458703156.391307,VS0,VE154' }
36 silly get cb [ 404,
36 silly get   { 'content-type': 'application/json',
36 silly get     'cache-control': 'max-age=0',
36 silly get     'content-length': '2',
36 silly get     'accept-ranges': 'bytes',
36 silly get     date: 'Wed, 23 Mar 2016 03:19:16 GMT',
36 silly get     via: '1.1 varnish',
36 silly get     age: '0',
36 silly get     connection: 'keep-alive',
36 silly get     'x-served-by': 'cache-lcy1121-LCY',
36 silly get     'x-cache': 'MISS',
36 silly get     'x-cache-hits': '0',
36 silly get     'x-timer': 'S1458703156.391307,VS0,VE154' } ]
37 silly fetchPackageMetaData Error: Registry returned 404 for GET on https://registry.npmjs.org/common-loader
37 silly fetchPackageMetaData     at makeError (/usr/local/lib/node_modules/npm/node_modules/npm-registry-client/lib/request.js:264:12)
37 silly fetchPackageMetaData     at CachingRegistryClient.<anonymous> (/usr/local/lib/node_modules/npm/node_modules/npm-registry-client/lib/request.js:242:14)
37 silly fetchPackageMetaData     at Request._callback (/usr/local/lib/node_modules/npm/node_modules/npm-registry-client/lib/request.js:172:14)
37 silly fetchPackageMetaData     at Request.self.callback (/usr/local/lib/node_modules/npm/node_modules/request/request.js:198:22)
37 silly fetchPackageMetaData     at emitTwo (events.js:87:13)
37 silly fetchPackageMetaData     at Request.emit (events.js:172:7)
37 silly fetchPackageMetaData     at Request.<anonymous> (/usr/local/lib/node_modules/npm/node_modules/request/request.js:1082:10)
37 silly fetchPackageMetaData     at emitOne (events.js:82:20)
37 silly fetchPackageMetaData     at Request.emit (events.js:169:7)
37 silly fetchPackageMetaData     at IncomingMessage.<anonymous> (/usr/local/lib/node_modules/npm/node_modules/request/request.js:1009:12)
37 silly fetchPackageMetaData  error for common-loader { [Error: Registry returned 404 for GET on https://registry.npmjs.org/common-loader] pkgid: 'common-loader', statusCode: 404, code: 'E404' }
38 silly rollbackFailedOptional Starting
39 silly rollbackFailedOptional Finishing
40 silly runTopLevelLifecycles Starting
41 silly runTopLevelLifecycles Finishing
42 silly install printInstalled
43 verbose stack Error: Registry returned 404 for GET on https://registry.npmjs.org/common-loader
43 verbose stack     at makeError (/usr/local/lib/node_modules/npm/node_modules/npm-registry-client/lib/request.js:264:12)
43 verbose stack     at CachingRegistryClient.<anonymous> (/usr/local/lib/node_modules/npm/node_modules/npm-registry-client/lib/request.js:242:14)
43 verbose stack     at Request._callback (/usr/local/lib/node_modules/npm/node_modules/npm-registry-client/lib/request.js:172:14)
43 verbose stack     at Request.self.callback (/usr/local/lib/node_modules/npm/node_modules/request/request.js:198:22)
43 verbose stack     at emitTwo (events.js:87:13)
43 verbose stack     at Request.emit (events.js:172:7)
43 verbose stack     at Request.<anonymous> (/usr/local/lib/node_modules/npm/node_modules/request/request.js:1082:10)
43 verbose stack     at emitOne (events.js:82:20)
43 verbose stack     at Request.emit (events.js:169:7)
43 verbose stack     at IncomingMessage.<anonymous> (/usr/local/lib/node_modules/npm/node_modules/request/request.js:1009:12)
44 verbose statusCode 404
45 verbose pkgid common-loader
46 verbose cwd /home/liuying/ly/public/commonJs
47 error Linux 3.13.0-83-generic
48 error argv "/usr/local/bin/node" "/usr/local/bin/npm" "install" "css-loader" "common-loader"
49 error node v5.4.1
50 error npm  v3.3.12
51 error code E404
52 error 404 Registry returned 404 for GET on https://registry.npmjs.org/common-loader
52 error 404
52 error 404 'common-loader' is not in the npm registry.
52 error 404 You should bug the author to publish it (or use the name yourself!)
52 error 404
52 error 404 Note that you can also install from a
52 error 404 tarball, folder, http url, or git url.
53 verbose exit [ 1, true ]
