0 info it worked if it ends with ok
1 verbose cli [ 'D:\\node\\node.exe',
1 verbose cli   'D:\\node\\node_modules\\npm\\bin\\npm-cli.js',
1 verbose cli   'start' ]
2 info using npm@3.10.10
3 info using node@v6.11.1
4 verbose run-script [ 'prestart', 'start', 'poststart' ]
5 info lifecycle private@1.0.0~prestart: private@1.0.0
6 silly lifecycle private@1.0.0~prestart: no script for prestart, continuing
7 info lifecycle private@1.0.0~start: private@1.0.0
8 verbose lifecycle private@1.0.0~start: unsafe-perm in lifecycle true
9 verbose lifecycle private@1.0.0~start: PATH: D:\node\node_modules\npm\bin\node-gyp-bin;E:\html\github\css-js-test-demo\node_modules\.bin;C:\Users\Administrator\bin;D:\software\Git\mingw64\bin;D:\software\Git\usr\local\bin;D:\software\Git\usr\bin;D:\software\Git\usr\bin;D:\software\Git\mingw64\bin;D:\software\Git\usr\bin;C:\Users\Administrator\bin;C:\Ruby23-x64\bin;C:\Program Files\MySQL\MySQL Server 5.5\bin;C:\Program Files\Java\jdk1.7.0_67\bin;C:\Windows;C:\Windows;C:\windows\system32;C:\windows\system32\wbem;C:\Python27;D:\node;D:\software\Git\cmd;C:\Users\Administrator\AppData\Roaming\npm;D:\software\Git\usr\bin\vendor_perl;D:\software\Git\usr\bin\core_perl
10 verbose lifecycle private@1.0.0~start: CWD: E:\html\github\css-js-test-demo
11 silly lifecycle private@1.0.0~start: Args: [ '/d /s /c', 'node server.js' ]
12 silly lifecycle private@1.0.0~start: Returned: code: 1  signal: null
13 info lifecycle private@1.0.0~start: Failed to exec start script
14 verbose stack Error: private@1.0.0 start: `node server.js`
14 verbose stack Exit status 1
14 verbose stack     at EventEmitter.<anonymous> (D:\node\node_modules\npm\lib\utils\lifecycle.js:255:16)
14 verbose stack     at emitTwo (events.js:106:13)
14 verbose stack     at EventEmitter.emit (events.js:191:7)
14 verbose stack     at ChildProcess.<anonymous> (D:\node\node_modules\npm\lib\utils\spawn.js:40:14)
14 verbose stack     at emitTwo (events.js:106:13)
14 verbose stack     at ChildProcess.emit (events.js:191:7)
14 verbose stack     at maybeClose (internal/child_process.js:891:16)
14 verbose stack     at Process.ChildProcess._handle.onexit (internal/child_process.js:226:5)
15 verbose pkgid private@1.0.0
16 verbose cwd E:\html\github\css-js-test-demo\todo_list\react
17 error Windows_NT 6.1.7601
18 error argv "D:\\node\\node.exe" "D:\\node\\node_modules\\npm\\bin\\npm-cli.js" "start"
19 error node v6.11.1
20 error npm  v3.10.10
21 error code ELIFECYCLE
22 error private@1.0.0 start: `node server.js`
22 error Exit status 1
23 error Failed at the private@1.0.0 start script 'node server.js'.
23 error Make sure you have the latest version of node.js and npm installed.
23 error If you do, this is most likely a problem with the private package,
23 error not with npm itself.
23 error Tell the author that this fails on your system:
23 error     node server.js
23 error You can get information on how to open an issue for this project with:
23 error     npm bugs private
23 error Or if that isn't available, you can get their info via:
23 error     npm owner ls private
23 error There is likely additional logging output above.
24 verbose exit [ 1, true ]
